WARNING - 2025-03-06 01:36:52 --> [DEPRECATED] Creation of dynamic property App\Controllers\Dosen::$model is deprecated in APPPATH\Controllers\Dosen.php on line 13.
 1 SYSTEMPATH\CodeIgniter.php(903): App\Controllers\Dosen->__construct()
 2 SYSTEMPATH\CodeIgniter.php(498): CodeIgniter\CodeIgniter->createController()
 3 SYSTEMPATH\CodeIgniter.php(354): CodeIgniter\CodeIgniter->handleRequest(null, Object(Config\Cache), false)
 4 SYSTEMPATH\Boot.php(334): CodeIgniter\CodeIgniter->run()
 5 SYSTEMPATH\Boot.php(67): CodeIgniter\Boot::runCodeIgniter(Object(CodeIgniter\CodeIgniter))
 6 FCPATH\index.php(56): CodeIgniter\Boot::bootWeb(Object(Config\Paths))
 7 SYSTEMPATH\rewrite.php(44): require_once('D:\\PWEB2\\ci4-be\\public\\index.php')
WARNING - 2025-03-06 02:34:56 --> [DEPRECATED] Creation of dynamic property App\Controllers\Nilai::$model is deprecated in APPPATH\Controllers\Nilai.php on line 14.
 1 SYSTEMPATH\CodeIgniter.php(903): App\Controllers\Nilai->__construct()
 2 SYSTEMPATH\CodeIgniter.php(498): CodeIgniter\CodeIgniter->createController()
 3 SYSTEMPATH\CodeIgniter.php(354): CodeIgniter\CodeIgniter->handleRequest(null, Object(Config\Cache), false)
 4 SYSTEMPATH\Boot.php(334): CodeIgniter\CodeIgniter->run()
 5 SYSTEMPATH\Boot.php(67): CodeIgniter\Boot::runCodeIgniter(Object(CodeIgniter\CodeIgniter))
 6 FCPATH\index.php(56): CodeIgniter\Boot::bootWeb(Object(Config\Paths))
 7 SYSTEMPATH\rewrite.php(44): require_once('D:\\PWEB2\\ci4-be\\public\\index.php')
WARNING - 2025-03-06 02:36:32 --> [DEPRECATED] Creation of dynamic property App\Controllers\Nilai::$model is deprecated in APPPATH\Controllers\Nilai.php on line 13.
 1 SYSTEMPATH\CodeIgniter.php(903): App\Controllers\Nilai->__construct()
 2 SYSTEMPATH\CodeIgniter.php(498): CodeIgniter\CodeIgniter->createController()
 3 SYSTEMPATH\CodeIgniter.php(354): CodeIgniter\CodeIgniter->handleRequest(null, Object(Config\Cache), false)
 4 SYSTEMPATH\Boot.php(334): CodeIgniter\CodeIgniter->run()
 5 SYSTEMPATH\Boot.php(67): CodeIgniter\Boot::runCodeIgniter(Object(CodeIgniter\CodeIgniter))
 6 FCPATH\index.php(56): CodeIgniter\Boot::bootWeb(Object(Config\Paths))
 7 SYSTEMPATH\rewrite.php(44): require_once('D:\\PWEB2\\ci4-be\\public\\index.php')
WARNING - 2025-03-06 02:41:12 --> [DEPRECATED] Creation of dynamic property App\Controllers\Nilai::$model is deprecated in APPPATH\Controllers\Nilai.php on line 13.
 1 SYSTEMPATH\CodeIgniter.php(903): App\Controllers\Nilai->__construct()
 2 SYSTEMPATH\CodeIgniter.php(498): CodeIgniter\CodeIgniter->createController()
 3 SYSTEMPATH\CodeIgniter.php(354): CodeIgniter\CodeIgniter->handleRequest(null, Object(Config\Cache), false)
 4 SYSTEMPATH\Boot.php(334): CodeIgniter\CodeIgniter->run()
 5 SYSTEMPATH\Boot.php(67): CodeIgniter\Boot::runCodeIgniter(Object(CodeIgniter\CodeIgniter))
 6 FCPATH\index.php(56): CodeIgniter\Boot::bootWeb(Object(Config\Paths))
 7 SYSTEMPATH\rewrite.php(44): require_once('D:\\PWEB2\\ci4-be\\public\\index.php')
CRITICAL - 2025-03-06 02:43:47 --> ParseError: syntax error, unexpected token "public", expecting end of file
[Method: GET, Route: nilai]
in APPPATH\Controllers\Nilai.php on line 43.
 1 SYSTEMPATH\Autoloader\Autoloader.php(295): CodeIgniter\Autoloader\Autoloader->includeFile('D:\\PWEB2\\ci4-be\\app\\Controllers\\Nilai.php')
 2 SYSTEMPATH\Autoloader\Autoloader.php(271): CodeIgniter\Autoloader\Autoloader->loadInNamespace('App\\Controllers\\Nilai')
 3 [internal function]: CodeIgniter\Autoloader\Autoloader->loadClass('App\\Controllers\\Nilai')
 4 SYSTEMPATH\CodeIgniter.php(885): class_exists('\\App\\Controllers\\Nilai', true)
 5 SYSTEMPATH\CodeIgniter.php(494): CodeIgniter\CodeIgniter->startController()
 6 SYSTEMPATH\CodeIgniter.php(354): CodeIgniter\CodeIgniter->handleRequest(null, Object(Config\Cache), false)
 7 SYSTEMPATH\Boot.php(334): CodeIgniter\CodeIgniter->run()
 8 SYSTEMPATH\Boot.php(67): CodeIgniter\Boot::runCodeIgniter(Object(CodeIgniter\CodeIgniter))
 9 FCPATH\index.php(56): CodeIgniter\Boot::bootWeb(Object(Config\Paths))
10 SYSTEMPATH\rewrite.php(44): require_once('D:\\PWEB2\\ci4-be\\public\\index.php')
WARNING - 2025-03-06 02:44:32 --> [DEPRECATED] Creation of dynamic property App\Controllers\Nilai::$model is deprecated in APPPATH\Controllers\Nilai.php on line 13.
 1 SYSTEMPATH\CodeIgniter.php(903): App\Controllers\Nilai->__construct()
 2 SYSTEMPATH\CodeIgniter.php(498): CodeIgniter\CodeIgniter->createController()
 3 SYSTEMPATH\CodeIgniter.php(354): CodeIgniter\CodeIgniter->handleRequest(null, Object(Config\Cache), false)
 4 SYSTEMPATH\Boot.php(334): CodeIgniter\CodeIgniter->run()
 5 SYSTEMPATH\Boot.php(67): CodeIgniter\Boot::runCodeIgniter(Object(CodeIgniter\CodeIgniter))
 6 FCPATH\index.php(56): CodeIgniter\Boot::bootWeb(Object(Config\Paths))
 7 SYSTEMPATH\rewrite.php(44): require_once('D:\\PWEB2\\ci4-be\\public\\index.php')
WARNING - 2025-03-06 02:47:50 --> [DEPRECATED] Creation of dynamic property App\Controllers\Kelas::$model is deprecated in APPPATH\Controllers\Kelas.php on line 13.
 1 SYSTEMPATH\CodeIgniter.php(903): App\Controllers\Kelas->__construct()
 2 SYSTEMPATH\CodeIgniter.php(498): CodeIgniter\CodeIgniter->createController()
 3 SYSTEMPATH\CodeIgniter.php(354): CodeIgniter\CodeIgniter->handleRequest(null, Object(Config\Cache), false)
 4 SYSTEMPATH\Boot.php(334): CodeIgniter\CodeIgniter->run()
 5 SYSTEMPATH\Boot.php(67): CodeIgniter\Boot::runCodeIgniter(Object(CodeIgniter\CodeIgniter))
 6 FCPATH\index.php(56): CodeIgniter\Boot::bootWeb(Object(Config\Paths))
 7 SYSTEMPATH\rewrite.php(44): require_once('D:\\PWEB2\\ci4-be\\public\\index.php')
WARNING - 2025-03-06 02:55:11 --> [DEPRECATED] Creation of dynamic property App\Controllers\Nilai::$model is deprecated in APPPATH\Controllers\Nilai.php on line 14.
 1 SYSTEMPATH\CodeIgniter.php(903): App\Controllers\Nilai->__construct()
 2 SYSTEMPATH\CodeIgniter.php(498): CodeIgniter\CodeIgniter->createController()
 3 SYSTEMPATH\CodeIgniter.php(354): CodeIgniter\CodeIgniter->handleRequest(null, Object(Config\Cache), false)
 4 SYSTEMPATH\Boot.php(334): CodeIgniter\CodeIgniter->run()
 5 SYSTEMPATH\Boot.php(67): CodeIgniter\Boot::runCodeIgniter(Object(CodeIgniter\CodeIgniter))
 6 FCPATH\index.php(56): CodeIgniter\Boot::bootWeb(Object(Config\Paths))
 7 SYSTEMPATH\rewrite.php(44): require_once('D:\\PWEB2\\ci4-be\\public\\index.php')
WARNING - 2025-03-06 03:00:31 --> [DEPRECATED] Creation of dynamic property App\Controllers\Nilai::$model is deprecated in APPPATH\Controllers\Nilai.php on line 14.
 1 SYSTEMPATH\CodeIgniter.php(903): App\Controllers\Nilai->__construct()
 2 SYSTEMPATH\CodeIgniter.php(498): CodeIgniter\CodeIgniter->createController()
 3 SYSTEMPATH\CodeIgniter.php(354): CodeIgniter\CodeIgniter->handleRequest(null, Object(Config\Cache), false)
 4 SYSTEMPATH\Boot.php(334): CodeIgniter\CodeIgniter->run()
 5 SYSTEMPATH\Boot.php(67): CodeIgniter\Boot::runCodeIgniter(Object(CodeIgniter\CodeIgniter))
 6 FCPATH\index.php(56): CodeIgniter\Boot::bootWeb(Object(Config\Paths))
 7 SYSTEMPATH\rewrite.php(44): require_once('D:\\PWEB2\\ci4-be\\public\\index.php')
WARNING - 2025-03-06 03:00:48 --> [DEPRECATED] Creation of dynamic property App\Controllers\Nilai::$model is deprecated in APPPATH\Controllers\Nilai.php on line 14.
 1 SYSTEMPATH\CodeIgniter.php(903): App\Controllers\Nilai->__construct()
 2 SYSTEMPATH\CodeIgniter.php(498): CodeIgniter\CodeIgniter->createController()
 3 SYSTEMPATH\CodeIgniter.php(354): CodeIgniter\CodeIgniter->handleRequest(null, Object(Config\Cache), false)
 4 SYSTEMPATH\Boot.php(334): CodeIgniter\CodeIgniter->run()
 5 SYSTEMPATH\Boot.php(67): CodeIgniter\Boot::runCodeIgniter(Object(CodeIgniter\CodeIgniter))
 6 FCPATH\index.php(56): CodeIgniter\Boot::bootWeb(Object(Config\Paths))
 7 SYSTEMPATH\rewrite.php(44): require_once('D:\\PWEB2\\ci4-be\\public\\index.php')
WARNING - 2025-03-06 03:03:35 --> [DEPRECATED] Creation of dynamic property App\Controllers\Nilai::$model is deprecated in APPPATH\Controllers\Nilai.php on line 14.
 1 SYSTEMPATH\CodeIgniter.php(903): App\Controllers\Nilai->__construct()
 2 SYSTEMPATH\CodeIgniter.php(498): CodeIgniter\CodeIgniter->createController()
 3 SYSTEMPATH\CodeIgniter.php(354): CodeIgniter\CodeIgniter->handleRequest(null, Object(Config\Cache), false)
 4 SYSTEMPATH\Boot.php(334): CodeIgniter\CodeIgniter->run()
 5 SYSTEMPATH\Boot.php(67): CodeIgniter\Boot::runCodeIgniter(Object(CodeIgniter\CodeIgniter))
 6 FCPATH\index.php(56): CodeIgniter\Boot::bootWeb(Object(Config\Paths))
 7 SYSTEMPATH\rewrite.php(44): require_once('D:\\PWEB2\\ci4-be\\public\\index.php')
WARNING - 2025-03-06 03:09:33 --> [DEPRECATED] Creation of dynamic property App\Controllers\Nilai::$model is deprecated in APPPATH\Controllers\Nilai.php on line 14.
 1 SYSTEMPATH\CodeIgniter.php(903): App\Controllers\Nilai->__construct()
 2 SYSTEMPATH\CodeIgniter.php(498): CodeIgniter\CodeIgniter->createController()
 3 SYSTEMPATH\CodeIgniter.php(354): CodeIgniter\CodeIgniter->handleRequest(null, Object(Config\Cache), false)
 4 SYSTEMPATH\Boot.php(334): CodeIgniter\CodeIgniter->run()
 5 SYSTEMPATH\Boot.php(67): CodeIgniter\Boot::runCodeIgniter(Object(CodeIgniter\CodeIgniter))
 6 FCPATH\index.php(56): CodeIgniter\Boot::bootWeb(Object(Config\Paths))
 7 SYSTEMPATH\rewrite.php(44): require_once('D:\\PWEB2\\ci4-be\\public\\index.php')
