CRITICAL - 2025-05-18 13:47:40 --> CodeIgniter\Exceptions\ModelException: "App\Models\v_nilai_mahasiswa" model class does not specify a Primary Key.
[Method: GET, Route: nilaiview]
in SYSTEMPATH\Model.php on line 704.
 1 SYSTEMPATH\Model.php(704): CodeIgniter\Exceptions\ModelException::forNoPrimaryKey('App\\Models\\v_nilai_mahasiswa')
 2 SYSTEMPATH\Model.php(273): CodeIgniter\Model->builder()
 3 SYSTEMPATH\BaseModel.php(675): CodeIgniter\Model->doFindAll(0, 0)
 4 APPPATH\Controllers\NilaiView.php(19): CodeIgniter\BaseModel->findAll()
 5 SYSTEMPATH\CodeIgniter.php(933): App\Controllers\NilaiView->index()
 6 SYSTEMPATH\CodeIgniter.php(507): CodeIgniter\CodeIgniter->runController(Object(App\Controllers\NilaiView))
 7 SYSTEMPATH\CodeIgniter.php(354): CodeIgniter\CodeIgniter->handleRequest(null, Object(Config\Cache), false)
 8 SYSTEMPATH\Boot.php(334): CodeIgniter\CodeIgniter->run()
 9 SYSTEMPATH\Boot.php(67): CodeIgniter\Boot::runCodeIgniter(Object(CodeIgniter\CodeIgniter))
10 FCPATH\index.php(56): CodeIgniter\Boot::bootWeb(Object(Config\Paths))
11 SYSTEMPATH\rewrite.php(44): require_once('D:\\PWEB2\\ci4-be\\public\\index.php')
CRITICAL - 2025-05-18 13:48:13 --> CodeIgniter\Exceptions\ModelException: "App\Models\v_nilai_mahasiswa" model class does not specify a Primary Key.
[Method: GET, Route: nilaiview]
in SYSTEMPATH\Model.php on line 704.
 1 SYSTEMPATH\Model.php(704): CodeIgniter\Exceptions\ModelException::forNoPrimaryKey('App\\Models\\v_nilai_mahasiswa')
 2 SYSTEMPATH\Model.php(273): CodeIgniter\Model->builder()
 3 SYSTEMPATH\BaseModel.php(675): CodeIgniter\Model->doFindAll(0, 0)
 4 APPPATH\Controllers\NilaiView.php(19): CodeIgniter\BaseModel->findAll()
 5 SYSTEMPATH\CodeIgniter.php(933): App\Controllers\NilaiView->index()
 6 SYSTEMPATH\CodeIgniter.php(507): CodeIgniter\CodeIgniter->runController(Object(App\Controllers\NilaiView))
 7 SYSTEMPATH\CodeIgniter.php(354): CodeIgniter\CodeIgniter->handleRequest(null, Object(Config\Cache), false)
 8 SYSTEMPATH\Boot.php(334): CodeIgniter\CodeIgniter->run()
 9 SYSTEMPATH\Boot.php(67): CodeIgniter\Boot::runCodeIgniter(Object(CodeIgniter\CodeIgniter))
10 FCPATH\index.php(56): CodeIgniter\Boot::bootWeb(Object(Config\Paths))
11 SYSTEMPATH\rewrite.php(44): require_once('D:\\PWEB2\\ci4-be\\public\\index.php')
CRITICAL - 2025-05-18 13:48:15 --> CodeIgniter\Exceptions\ModelException: "App\Models\v_nilai_mahasiswa" model class does not specify a Primary Key.
[Method: GET, Route: nilaiview]
in SYSTEMPATH\Model.php on line 704.
 1 SYSTEMPATH\Model.php(704): CodeIgniter\Exceptions\ModelException::forNoPrimaryKey('App\\Models\\v_nilai_mahasiswa')
 2 SYSTEMPATH\Model.php(273): CodeIgniter\Model->builder()
 3 SYSTEMPATH\BaseModel.php(675): CodeIgniter\Model->doFindAll(0, 0)
 4 APPPATH\Controllers\NilaiView.php(19): CodeIgniter\BaseModel->findAll()
 5 SYSTEMPATH\CodeIgniter.php(933): App\Controllers\NilaiView->index()
 6 SYSTEMPATH\CodeIgniter.php(507): CodeIgniter\CodeIgniter->runController(Object(App\Controllers\NilaiView))
 7 SYSTEMPATH\CodeIgniter.php(354): CodeIgniter\CodeIgniter->handleRequest(null, Object(Config\Cache), false)
 8 SYSTEMPATH\Boot.php(334): CodeIgniter\CodeIgniter->run()
 9 SYSTEMPATH\Boot.php(67): CodeIgniter\Boot::runCodeIgniter(Object(CodeIgniter\CodeIgniter))
10 FCPATH\index.php(56): CodeIgniter\Boot::bootWeb(Object(Config\Paths))
11 SYSTEMPATH\rewrite.php(44): require_once('D:\\PWEB2\\ci4-be\\public\\index.php')
